# JRE version: OpenJDK Runtime Environment (17.0.11) (build 17.0.11+0--11852314)
# Java VM: OpenJDK 64-Bit Server VM (17.0.11+0--11852314, mixed mode, tiered, compressed oops, compressed class ptrs, g1 gc, windows-amd64)
GC Precious Log:
 CPUs: 4 total, 4 available
 Memory: 16223M
 Large Page Support: Disabled
 NUMA Support: Disabled
 Compressed Oops: Enabled (Zero based)
 Heap Region Size: 2M
 Heap Min Capacity: 8M
 Heap Initial Capacity: 254M
 Heap Max Capacity: 4056M
 Pre-touch: Disabled
 Parallel Workers: 4
 Concurrent Workers: 1
 Concurrent Refinement Workers: 4
 Periodic GC: Disabled
Heap:
 garbage-first heap   total 155648K, used 87021K [0x0000000702800000, 0x0000000800000000)
  region size 2048K, 10 young (20480K), 3 survivors (6144K)
 Metaspace       used 77322K, committed 77632K, reserved 1179648K
  class space    used 8906K, committed 9024K, reserved 1048576K
GC Heap History (20 events):
Event: 8.890 GC heap before
{Heap before GC invocations=7 (full 0):
 garbage-first heap   total 49152K, used 19237K [0x0000000702800000, 0x0000000800000000)
  region size 2048K, 2 young (4096K), 1 survivors (2048K)
 Metaspace       used 35848K, committed 36096K, reserved 1114112K
  class space    used 4562K, committed 4672K, reserved 1048576K
}
Event: 8.895 GC heap after
{Heap after GC invocations=8 (full 0):
 garbage-first heap   total 49152K, used 19536K [0x0000000702800000, 0x0000000800000000)
  region size 2048K, 1 young (2048K), 1 survivors (2048K)
 Metaspace       used 35848K, committed 36096K, reserved 1114112K
  class space    used 4562K, committed 4672K, reserved 1048576K
}
Event: 9.626 GC heap before
{Heap before GC invocations=9 (full 0):
 garbage-first heap   total 49152K, used 33872K [0x0000000702800000, 0x0000000800000000)
  region size 2048K, 8 young (16384K), 1 survivors (2048K)
 Metaspace       used 38586K, committed 38784K, reserved 1114112K
  class space    used 4870K, committed 4928K, reserved 1048576K
}
Event: 9.631 GC heap after
{Heap after GC invocations=10 (full 0):
 garbage-first heap   total 49152K, used 21029K [0x0000000702800000, 0x0000000800000000)
  region size 2048K, 1 young (2048K), 1 survivors (2048K)
 Metaspace       used 38586K, committed 38784K, reserved 1114112K
  class space    used 4870K, committed 4928K, reserved 1048576K
}
Event: 9.686 GC heap before
{Heap before GC invocations=10 (full 0):
 garbage-first heap   total 49152K, used 23077K [0x0000000702800000, 0x0000000800000000)
  region size 2048K, 2 young (4096K), 1 survivors (2048K)
 Metaspace       used 39059K, committed 39296K, reserved 1114112K
  class space    used 4918K, committed 4992K, reserved 1048576K
}
Event: 9.694 GC heap after
{Heap after GC invocations=11 (full 0):
 garbage-first heap   total 49152K, used 19644K [0x0000000702800000, 0x0000000800000000)
  region size 2048K, 1 young (2048K), 1 survivors (2048K)
 Metaspace       used 39059K, committed 39296K, reserved 1114112K
  class space    used 4918K, committed 4992K, reserved 1048576K
}
Event: 10.349 GC heap before
{Heap before GC invocations=11 (full 0):
 garbage-first heap   total 49152K, used 33980K [0x0000000702800000, 0x0000000800000000)
  region size 2048K, 8 young (16384K), 1 survivors (2048K)
 Metaspace       used 41918K, committed 42112K, reserved 1114112K
  class space    used 5162K, committed 5248K, reserved 1048576K
}
Event: 10.357 GC heap after
{Heap after GC invocations=12 (full 0):
 garbage-first heap   total 155648K, used 21331K [0x0000000702800000, 0x0000000800000000)
  region size 2048K, 1 young (2048K), 1 survivors (2048K)
 Metaspace       used 41918K, committed 42112K, reserved 1114112K
  class space    used 5162K, committed 5248K, reserved 1048576K
}
Event: 16.679 GC heap before
{Heap before GC invocations=12 (full 0):
 garbage-first heap   total 155648K, used 111443K [0x0000000702800000, 0x0000000800000000)
  region size 2048K, 44 young (90112K), 1 survivors (2048K)
 Metaspace       used 52267K, committed 52544K, reserved 1114112K
  class space    used 6316K, committed 6464K, reserved 1048576K
}
Event: 16.707 GC heap after
{Heap after GC invocations=13 (full 0):
 garbage-first heap   total 155648K, used 36149K [0x0000000702800000, 0x0000000800000000)
  region size 2048K, 6 young (12288K), 6 survivors (12288K)
 Metaspace       used 52267K, committed 52544K, reserved 1114112K
  class space    used 6316K, committed 6464K, reserved 1048576K
}
Event: 21.663 GC heap before
{Heap before GC invocations=13 (full 0):
 garbage-first heap   total 155648K, used 97589K [0x0000000702800000, 0x0000000800000000)
  region size 2048K, 36 young (73728K), 6 survivors (12288K)
 Metaspace       used 56806K, committed 57088K, reserved 1114112K
  class space    used 6690K, committed 6848K, reserved 1048576K
}
Event: 21.702 GC heap after
{Heap after GC invocations=14 (full 0):
 garbage-first heap   total 155648K, used 46095K [0x0000000702800000, 0x0000000800000000)
  region size 2048K, 5 young (10240K), 5 survivors (10240K)
 Metaspace       used 56806K, committed 57088K, reserved 1114112K
  class space    used 6690K, committed 6848K, reserved 1048576K
}
Event: 23.653 GC heap before
{Heap before GC invocations=14 (full 0):
 garbage-first heap   total 155648K, used 80911K [0x0000000702800000, 0x0000000800000000)
  region size 2048K, 23 young (47104K), 5 survivors (10240K)
 Metaspace       used 60175K, committed 60416K, reserved 1114112K
  class space    used 7139K, committed 7296K, reserved 1048576K
}
Event: 23.683 GC heap after
{Heap after GC invocations=15 (full 0):
 garbage-first heap   total 155648K, used 50201K [0x0000000702800000, 0x0000000800000000)
  region size 2048K, 2 young (4096K), 2 survivors (4096K)
 Metaspace       used 60175K, committed 60416K, reserved 1114112K
  class space    used 7139K, committed 7296K, reserved 1048576K
}
Event: 31.596 GC heap before
{Heap before GC invocations=16 (full 0):
 garbage-first heap   total 155648K, used 109593K [0x0000000702800000, 0x0000000800000000)
  region size 2048K, 31 young (63488K), 2 survivors (4096K)
 Metaspace       used 66723K, committed 67008K, reserved 1114112K
  class space    used 7913K, committed 8064K, reserved 1048576K
}
Event: 31.631 GC heap after
{Heap after GC invocations=17 (full 0):
 garbage-first heap   total 155648K, used 59001K [0x0000000702800000, 0x0000000800000000)
  region size 2048K, 4 young (8192K), 4 survivors (8192K)
 Metaspace       used 66723K, committed 67008K, reserved 1114112K
  class space    used 7913K, committed 8064K, reserved 1048576K
}
Event: 36.538 GC heap before
{Heap before GC invocations=18 (full 0):
 garbage-first heap   total 155648K, used 114297K [0x0000000702800000, 0x0000000800000000)
  region size 2048K, 31 young (63488K), 4 survivors (8192K)
 Metaspace       used 70900K, committed 71168K, reserved 1114112K
  class space    used 8302K, committed 8448K, reserved 1048576K
}
Event: 36.578 GC heap after
{Heap after GC invocations=19 (full 0):
 garbage-first heap   total 155648K, used 68525K [0x0000000702800000, 0x0000000800000000)
  region size 2048K, 4 young (8192K), 4 survivors (8192K)
 Metaspace       used 70900K, committed 71168K, reserved 1114112K
  class space    used 8302K, committed 8448K, reserved 1048576K
}
Event: 39.348 GC heap before
{Heap before GC invocations=19 (full 0):
 garbage-first heap   total 155648K, used 117677K [0x0000000702800000, 0x0000000800000000)
  region size 2048K, 28 young (57344K), 4 survivors (8192K)
 Metaspace       used 76703K, committed 76992K, reserved 1179648K
  class space    used 8835K, committed 8960K, reserved 1048576K
}
Event: 39.380 GC heap after
{Heap after GC invocations=20 (full 0):
 garbage-first heap   total 155648K, used 74733K [0x0000000702800000, 0x0000000800000000)
  region size 2048K, 3 young (6144K), 3 survivors (6144K)
 Metaspace       used 76703K, committed 76992K, reserved 1179648K
  class space    used 8835K, committed 8960K, reserved 1048576K
}

